[ 2020-06-03T15:08:02+08:00 ] ::1 /tree/index.php/Home/Index/teatianbao_all
INFO: [ app_init ] --START--
INFO: Run Behavior\BuildLiteBehavior [ RunTime:0.000011s ]
INFO: [ app_init ] --END-- [ RunTime:0.018971s ]
INFO: [ app_begin ] --START--
INFO: Run Behavior\ReadHtmlCacheBehavior [ RunTime:0.016992s ]
INFO: [ app_begin ] --END-- [ RunTime:0.017069s ]
SQL: SHOW COLUMNS FROM `teatianbao` [ RunTime:0.0663s ]
SQL: SELECT * FROM `teatianbao`  [ RunTime:0.0003s ]

[ 2020-06-03T15:08:02+08:00 ] ::1 /tree/index.php/Home/Index/fenbu_all
INFO: [ app_init ] --START--
INFO: Run Behavior\BuildLiteBehavior [ RunTime:0.000030s ]
INFO: [ app_init ] --END-- [ RunTime:0.020325s ]
INFO: [ app_begin ] --START--
INFO: Run Behavior\ReadHtmlCacheBehavior [ RunTime:0.016934s ]
INFO: [ app_begin ] --END-- [ RunTime:0.017000s ]
SQL: SHOW COLUMNS FROM `fenbu` [ RunTime:0.0893s ]
SQL: SELECT * FROM `fenbu`  [ RunTime:0.0008s ]

[ 2020-06-03T15:08:02+08:00 ] ::1 /tree/index.php/Home/Index/tianbao_all
INFO: [ app_init ] --START--
INFO: Run Behavior\BuildLiteBehavior [ RunTime:0.000018s ]
INFO: [ app_init ] --END-- [ RunTime:0.020191s ]
INFO: [ app_begin ] --START--
INFO: Run Behavior\ReadHtmlCacheBehavior [ RunTime:0.017035s ]
INFO: [ app_begin ] --END-- [ RunTime:0.017090s ]
SQL: SHOW COLUMNS FROM `tianbao` [ RunTime:0.1089s ]
SQL: SELECT * FROM `tianbao`  [ RunTime:0.0006s ]

[ 2020-06-03T15:08:02+08:00 ] ::1 /tree/index.php/Home/Index/shishi_all
INFO: [ app_init ] --START--
INFO: Run Behavior\BuildLiteBehavior [ RunTime:0.000045s ]
INFO: [ app_init ] --END-- [ RunTime:0.020417s ]
INFO: [ app_begin ] --START--
INFO: Run Behavior\ReadHtmlCacheBehavior [ RunTime:0.016938s ]
INFO: [ app_begin ] --END-- [ RunTime:0.017006s ]
SQL: SHOW COLUMNS FROM `shishi` [ RunTime:0.1251s ]
SQL: SELECT * FROM `shishi`  [ RunTime:0.0007s ]

[ 2020-06-03T15:08:02+08:00 ] ::1 /tree/index.php/Home/Index/yiqu_all
INFO: [ app_init ] --START--
INFO: Run Behavior\BuildLiteBehavior [ RunTime:0.000019s ]
INFO: [ app_init ] --END-- [ RunTime:0.020533s ]
INFO: [ app_begin ] --START--
INFO: Run Behavior\ReadHtmlCacheBehavior [ RunTime:0.016940s ]
INFO: [ app_begin ] --END-- [ RunTime:0.017018s ]
SQL: SHOW COLUMNS FROM `imp` [ RunTime:0.1367s ]
SQL: SELECT * FROM `imp`  [ RunTime:0.0004s ]

[ 2020-06-03T15:08:04+08:00 ] ::1 /tree/index.php/Home/Index/fangkong_all
INFO: [ app_init ] --START--
INFO: Run Behavior\BuildLiteBehavior [ RunTime:0.000019s ]
INFO: [ app_init ] --END-- [ RunTime:0.000506s ]
INFO: [ app_begin ] --START--
INFO: Run Behavior\ReadHtmlCacheBehavior [ RunTime:0.000537s ]
INFO: [ app_begin ] --END-- [ RunTime:0.000593s ]
SQL: SHOW COLUMNS FROM `fangkong` [ RunTime:0.0284s ]
SQL: SELECT * FROM `fangkong`  [ RunTime:0.0004s ]

[ 2020-06-03T15:08:04+08:00 ] ::1 /tree/index.php/Home/Index/jinxiao_all
INFO: [ app_init ] --START--
INFO: Run Behavior\BuildLiteBehavior [ RunTime:0.000016s ]
INFO: [ app_init ] --END-- [ RunTime:0.000316s ]
INFO: [ app_begin ] --START--
INFO: Run Behavior\ReadHtmlCacheBehavior [ RunTime:0.000537s ]
INFO: [ app_begin ] --END-- [ RunTime:0.000596s ]
SQL: SHOW COLUMNS FROM `dongtai` [ RunTime:0.0255s ]
SQL: SELECT * FROM `dongtai`  [ RunTime:0.0003s ]

[ 2020-06-03T15:08:56+08:00 ] ::1 /tree/index.php/Home/Index/teatianbao_all
INFO: [ app_init ] --START--
INFO: Run Behavior\BuildLiteBehavior [ RunTime:0.000017s ]
INFO: [ app_init ] --END-- [ RunTime:0.000421s ]
INFO: [ app_begin ] --START--
INFO: Run Behavior\ReadHtmlCacheBehavior [ RunTime:0.000579s ]
INFO: [ app_begin ] --END-- [ RunTime:0.000644s ]
SQL: SHOW COLUMNS FROM `teatianbao` [ RunTime:0.0213s ]
SQL: SELECT * FROM `teatianbao`  [ RunTime:0.0003s ]

[ 2020-06-03T15:08:56+08:00 ] ::1 /tree/index.php/Home/Index/fenbu_all
INFO: [ app_init ] --START--
INFO: Run Behavior\BuildLiteBehavior [ RunTime:0.000016s ]
INFO: [ app_init ] --END-- [ RunTime:0.000408s ]
INFO: [ app_begin ] --START--
INFO: Run Behavior\ReadHtmlCacheBehavior [ RunTime:0.000605s ]
INFO: [ app_begin ] --END-- [ RunTime:0.000661s ]
SQL: SHOW COLUMNS FROM `fenbu` [ RunTime:0.0257s ]
SQL: SELECT * FROM `fenbu`  [ RunTime:0.0004s ]

[ 2020-06-03T15:08:56+08:00 ] ::1 /tree/index.php/Home/Index/shishi_all
INFO: [ app_init ] --START--
INFO: Run Behavior\BuildLiteBehavior [ RunTime:0.000015s ]
INFO: [ app_init ] --END-- [ RunTime:0.000358s ]
INFO: [ app_begin ] --START--
INFO: Run Behavior\ReadHtmlCacheBehavior [ RunTime:0.000506s ]
INFO: [ app_begin ] --END-- [ RunTime:0.000564s ]
SQL: SHOW COLUMNS FROM `shishi` [ RunTime:0.0340s ]
SQL: SELECT * FROM `shishi`  [ RunTime:0.0005s ]

[ 2020-06-03T15:08:56+08:00 ] ::1 /tree/index.php/Home/Index/tianbao_all
INFO: [ app_init ] --START--
INFO: Run Behavior\BuildLiteBehavior [ RunTime:0.000017s ]
INFO: [ app_init ] --END-- [ RunTime:0.000409s ]
INFO: [ app_begin ] --START--
INFO: Run Behavior\ReadHtmlCacheBehavior [ RunTime:0.000623s ]
INFO: [ app_begin ] --END-- [ RunTime:0.000683s ]
SQL: SHOW COLUMNS FROM `tianbao` [ RunTime:0.0374s ]
SQL: SELECT * FROM `tianbao`  [ RunTime:0.0005s ]

[ 2020-06-03T15:08:56+08:00 ] ::1 /tree/index.php/Home/Index/renshu_all
INFO: [ app_init ] --START--
INFO: Run Behavior\BuildLiteBehavior [ RunTime:0.000015s ]
INFO: [ app_init ] --END-- [ RunTime:0.000345s ]
INFO: [ app_begin ] --START--
INFO: Run Behavior\ReadHtmlCacheBehavior [ RunTime:0.000758s ]
INFO: [ app_begin ] --END-- [ RunTime:0.000852s ]
SQL: SHOW COLUMNS FROM `renshu` [ RunTime:0.0463s ]
SQL: SELECT * FROM `renshu`  [ RunTime:0.0005s ]

[ 2020-06-03T15:08:56+08:00 ] ::1 /tree/index.php/Home/Index/yiqu_all
INFO: [ app_init ] --START--
INFO: Run Behavior\BuildLiteBehavior [ RunTime:0.000014s ]
INFO: [ app_init ] --END-- [ RunTime:0.000332s ]
INFO: [ app_begin ] --START--
INFO: Run Behavior\ReadHtmlCacheBehavior [ RunTime:0.000520s ]
INFO: [ app_begin ] --END-- [ RunTime:0.000572s ]
SQL: SHOW COLUMNS FROM `imp` [ RunTime:0.0539s ]
SQL: SELECT * FROM `imp`  [ RunTime:0.0006s ]

[ 2020-06-03T15:08:58+08:00 ] ::1 /tree/index.php/Home/Index/fangkong_all
INFO: [ app_init ] --START--
INFO: Run Behavior\BuildLiteBehavior [ RunTime:0.000018s ]
INFO: [ app_init ] --END-- [ RunTime:0.000596s ]
INFO: [ app_begin ] --START--
INFO: Run Behavior\ReadHtmlCacheBehavior [ RunTime:0.000879s ]
INFO: [ app_begin ] --END-- [ RunTime:0.000998s ]
SQL: SHOW COLUMNS FROM `fangkong` [ RunTime:0.0295s ]
SQL: SELECT * FROM `fangkong`  [ RunTime:0.0003s ]

[ 2020-06-03T15:08:58+08:00 ] ::1 /tree/index.php/Home/Index/jinxiao_all
INFO: [ app_init ] --START--
INFO: Run Behavior\BuildLiteBehavior [ RunTime:0.000029s ]
INFO: [ app_init ] --END-- [ RunTime:0.000511s ]
INFO: [ app_begin ] --START--
INFO: Run Behavior\ReadHtmlCacheBehavior [ RunTime:0.000941s ]
INFO: [ app_begin ] --END-- [ RunTime:0.001220s ]
SQL: SHOW COLUMNS FROM `dongtai` [ RunTime:0.0287s ]
SQL: SELECT * FROM `dongtai`  [ RunTime:0.0003s ]

[ 2020-06-03T15:12:52+08:00 ] ::1 /tree/index.php/Home/Index/shishi_all
INFO: [ app_init ] --START--
INFO: Run Behavior\BuildLiteBehavior [ RunTime:0.000017s ]
INFO: [ app_init ] --END-- [ RunTime:0.000484s ]
INFO: [ app_begin ] --START--
INFO: Run Behavior\ReadHtmlCacheBehavior [ RunTime:0.000944s ]
INFO: [ app_begin ] --END-- [ RunTime:0.001040s ]
SQL: SHOW COLUMNS FROM `shishi` [ RunTime:0.0193s ]
SQL: SELECT * FROM `shishi`  [ RunTime:0.0003s ]

[ 2020-06-03T15:12:52+08:00 ] ::1 /tree/index.php/Home/Index/renshu_all
INFO: [ app_init ] --START--
INFO: Run Behavior\BuildLiteBehavior [ RunTime:0.000019s ]
INFO: [ app_init ] --END-- [ RunTime:0.000519s ]
INFO: [ app_begin ] --START--
INFO: Run Behavior\ReadHtmlCacheBehavior [ RunTime:0.000822s ]
INFO: [ app_begin ] --END-- [ RunTime:0.000893s ]
SQL: SHOW COLUMNS FROM `renshu` [ RunTime:0.0289s ]
SQL: SELECT * FROM `renshu`  [ RunTime:0.0003s ]

[ 2020-06-03T15:12:52+08:00 ] ::1 /tree/index.php/Home/Index/tianbao_all
INFO: [ app_init ] --START--
INFO: Run Behavior\BuildLiteBehavior [ RunTime:0.000017s ]
INFO: [ app_init ] --END-- [ RunTime:0.000426s ]
INFO: [ app_begin ] --START--
INFO: Run Behavior\ReadHtmlCacheBehavior [ RunTime:0.000713s ]
INFO: [ app_begin ] --END-- [ RunTime:0.000787s ]
SQL: SHOW COLUMNS FROM `tianbao` [ RunTime:0.0425s ]
SQL: SELECT * FROM `tianbao`  [ RunTime:0.0004s ]

[ 2020-06-03T15:12:52+08:00 ] ::1 /tree/index.php/Home/Index/yiqu_all
INFO: [ app_init ] --START--
INFO: Run Behavior\BuildLiteBehavior [ RunTime:0.000019s ]
INFO: [ app_init ] --END-- [ RunTime:0.000464s ]
INFO: [ app_begin ] --START--
INFO: Run Behavior\ReadHtmlCacheBehavior [ RunTime:0.000700s ]
INFO: [ app_begin ] --END-- [ RunTime:0.000762s ]
SQL: SHOW COLUMNS FROM `imp` [ RunTime:0.0647s ]
SQL: SELECT * FROM `imp`  [ RunTime:0.0003s ]

[ 2020-06-03T15:12:52+08:00 ] ::1 /tree/index.php/Home/Index/teatianbao_all
INFO: [ app_init ] --START--
INFO: Run Behavior\BuildLiteBehavior [ RunTime:0.000018s ]
INFO: [ app_init ] --END-- [ RunTime:0.000473s ]
INFO: [ app_begin ] --START--
INFO: Run Behavior\ReadHtmlCacheBehavior [ RunTime:0.000729s ]
INFO: [ app_begin ] --END-- [ RunTime:0.000806s ]
SQL: SHOW COLUMNS FROM `teatianbao` [ RunTime:0.0687s ]
SQL: SELECT * FROM `teatianbao`  [ RunTime:0.0004s ]

[ 2020-06-03T15:12:52+08:00 ] ::1 /tree/index.php/Home/Index/fenbu_all
INFO: [ app_init ] --START--
INFO: Run Behavior\BuildLiteBehavior [ RunTime:0.000014s ]
INFO: [ app_init ] --END-- [ RunTime:0.000386s ]
INFO: [ app_begin ] --START--
INFO: Run Behavior\ReadHtmlCacheBehavior [ RunTime:0.000575s ]
INFO: [ app_begin ] --END-- [ RunTime:0.000645s ]
SQL: SHOW COLUMNS FROM `fenbu` [ RunTime:0.0877s ]
SQL: SELECT * FROM `fenbu`  [ RunTime:0.0003s ]

[ 2020-06-03T15:12:54+08:00 ] ::1 /tree/index.php/Home/Index/fangkong_all
INFO: [ app_init ] --START--
INFO: Run Behavior\BuildLiteBehavior [ RunTime:0.000015s ]
INFO: [ app_init ] --END-- [ RunTime:0.000391s ]
INFO: [ app_begin ] --START--
INFO: Run Behavior\ReadHtmlCacheBehavior [ RunTime:0.000492s ]
INFO: [ app_begin ] --END-- [ RunTime:0.000562s ]
SQL: SHOW COLUMNS FROM `fangkong` [ RunTime:0.0314s ]
SQL: SELECT * FROM `fangkong`  [ RunTime:0.0003s ]

[ 2020-06-03T15:12:54+08:00 ] ::1 /tree/index.php/Home/Index/jinxiao_all
INFO: [ app_init ] --START--
INFO: Run Behavior\BuildLiteBehavior [ RunTime:0.000018s ]
INFO: [ app_init ] --END-- [ RunTime:0.000472s ]
INFO: [ app_begin ] --START--
INFO: Run Behavior\ReadHtmlCacheBehavior [ RunTime:0.000636s ]
INFO: [ app_begin ] --END-- [ RunTime:0.000706s ]
SQL: SHOW COLUMNS FROM `dongtai` [ RunTime:0.0166s ]
SQL: SELECT * FROM `dongtai`  [ RunTime:0.0004s ]

